<?xml version="1.0" encoding="UTF-8"?>
<!-- Generated by org.testng.reporters.JUnitXMLReporter -->
<testsuite ignored="0" hostname="LAPTOP-SSKFI1SS" failures="0" tests="5" name="Default test" time="2.855" errors="0" timestamp="2020-11-10T19:02:38 EST">
  <testcase classname="smartbytesRestAPI.restassured.TestCustomerAPI" name="test_create_customer" time="1.202"/>
  <testcase classname="smartbytesRestAPI.restassured.TestCustomerAPI" name="test_update_customer" time="0.557"/>
  <testcase classname="smartbytesRestAPI.restassured.TestCustomerAPI" name="test_delete_customer" time="0.053"/>
  <testcase classname="smartbytesRestAPI.restassured.TestCustomerAPI" name="test_search_customer_with_ID" time="0.047"/>
  <testcase classname="smartbytesRestAPI.restassured.TestCustomerAPI" name="test_search_customer_with_CITY" time="0.316"/>
</testsuite> <!-- Default test -->
