<?xml version="1.0" encoding="UTF-8"?>
<testng-results ignored="0" total="5" passed="5" failed="0" skipped="0">
  <reporter-output>
  </reporter-output>
  <suite started-at="2020-11-10T19:02:35 EST" name="Default suite" finished-at="2020-11-10T19:02:38 EST" duration-ms="2855">
    <groups>
    </groups>
    <test started-at="2020-11-10T19:02:35 EST" name="Default test" finished-at="2020-11-10T19:02:38 EST" duration-ms="2855">
      <class name="smartbytesRestAPI.restassured.TestCustomerAPI">
        <test-method is-config="true" signature="init()[pri:0, instance:smartbytesRestAPI.restassured.TestCustomerAPI@4470f8a6]" started-at="2020-11-10T19:02:35 EST" name="init" finished-at="2020-11-10T19:02:36 EST" duration-ms="649" status="PASS">
          <reporter-output>
          </reporter-output>
        </test-method> <!-- init -->
        <test-method signature="test_create_customer()[pri:1, instance:smartbytesRestAPI.restassured.TestCustomerAPI@4470f8a6]" started-at="2020-11-10T19:02:36 EST" name="test_create_customer" finished-at="2020-11-10T19:02:37 EST" duration-ms="1202" status="PASS">
          <reporter-output>
          </reporter-output>
        </test-method> <!-- test_create_customer -->
        <test-method signature="test_update_customer()[pri:2, instance:smartbytesRestAPI.restassured.TestCustomerAPI@4470f8a6]" started-at="2020-11-10T19:02:37 EST" name="test_update_customer" finished-at="2020-11-10T19:02:38 EST" duration-ms="557" status="PASS">
          <reporter-output>
          </reporter-output>
        </test-method> <!-- test_update_customer -->
        <test-method signature="test_delete_customer()[pri:3, instance:smartbytesRestAPI.restassured.TestCustomerAPI@4470f8a6]" started-at="2020-11-10T19:02:38 EST" name="test_delete_customer" finished-at="2020-11-10T19:02:38 EST" duration-ms="53" status="PASS">
          <reporter-output>
          </reporter-output>
        </test-method> <!-- test_delete_customer -->
        <test-method signature="test_search_customer_with_ID()[pri:4, instance:smartbytesRestAPI.restassured.TestCustomerAPI@4470f8a6]" started-at="2020-11-10T19:02:38 EST" name="test_search_customer_with_ID" finished-at="2020-11-10T19:02:38 EST" duration-ms="47" status="PASS">
          <reporter-output>
          </reporter-output>
        </test-method> <!-- test_search_customer_with_ID -->
        <test-method signature="test_search_customer_with_CITY()[pri:5, instance:smartbytesRestAPI.restassured.TestCustomerAPI@4470f8a6]" started-at="2020-11-10T19:02:38 EST" name="test_search_customer_with_CITY" finished-at="2020-11-10T19:02:38 EST" duration-ms="316" status="PASS">
          <reporter-output>
          </reporter-output>
        </test-method> <!-- test_search_customer_with_CITY -->
        <test-method is-config="true" signature="tearDown()[pri:0, instance:smartbytesRestAPI.restassured.TestCustomerAPI@4470f8a6]" started-at="2020-11-10T19:02:38 EST" name="tearDown" finished-at="2020-11-10T19:02:38 EST" duration-ms="1" status="PASS">
          <reporter-output>
          </reporter-output>
        </test-method> <!-- tearDown -->
      </class> <!-- smartbytesRestAPI.restassured.TestCustomerAPI -->
    </test> <!-- Default test -->
  </suite> <!-- Default suite -->
</testng-results>
