<?xml version="1.0" encoding="UTF-8"?>
<testng-results ignored="0" total="1" passed="1" failed="0" skipped="0">
  <reporter-output>
  </reporter-output>
  <suite started-at="2021-03-08T14:21:53 EST" name="Default suite" finished-at="2021-03-08T14:21:56 EST" duration-ms="3215">
    <groups>
    </groups>
    <test started-at="2021-03-08T14:21:53 EST" name="Default test" finished-at="2021-03-08T14:21:56 EST" duration-ms="3215">
      <class name="smartbytesRestAPI.restassured.ExtractJSONdata">
        <test-method is-config="true" signature="init()[pri:0, instance:smartbytesRestAPI.restassured.ExtractJSONdata@3a079870]" started-at="2021-03-08T14:21:53 EST" name="init" finished-at="2021-03-08T14:21:53 EST" duration-ms="366" status="PASS">
          <reporter-output>
          </reporter-output>
        </test-method> <!-- init -->
        <test-method signature="extract_json_data()[pri:0, instance:smartbytesRestAPI.restassured.ExtractJSONdata@3a079870]" started-at="2021-03-08T14:21:53 EST" name="extract_json_data" finished-at="2021-03-08T14:21:56 EST" duration-ms="2832" status="PASS">
          <reporter-output>
          </reporter-output>
        </test-method> <!-- extract_json_data -->
        <test-method is-config="true" signature="tearDown()[pri:0, instance:smartbytesRestAPI.restassured.ExtractJSONdata@3a079870]" started-at="2021-03-08T14:21:56 EST" name="tearDown" finished-at="2021-03-08T14:21:56 EST" duration-ms="0" status="PASS">
          <reporter-output>
          </reporter-output>
        </test-method> <!-- tearDown -->
      </class> <!-- smartbytesRestAPI.restassured.ExtractJSONdata -->
    </test> <!-- Default test -->
  </suite> <!-- Default suite -->
</testng-results>
